<?xml version="1.0" encoding="UTF-8"?>
<!-- Generated by org.testng.reporters.JUnitXMLReporter -->
<testsuite ignored="0" hostname="DAZZLER" failures="0" tests="5" name="Test2" time="344.552" errors="0" timestamp="2023-06-18T15:39:24 IST">
  <testcase classname="UI_Testing.AutomationUI1" name="test" time="78.207"/>
  <testcase classname="UI_Testing.AutomationUI2" name="test" time="68.871"/>
  <testcase classname="UI_Testing.AutomationUI3" name="test" time="73.024"/>
  <testcase classname="UI_Testing.AutomationUI4" name="test" time="74.343"/>
  <testcase classname="UI_Testing.AutomationUI5" name="test" time="50.026"/>
</testsuite> <!-- Test2 -->
