<?xml version="1.0" encoding="UTF-8"?>
<!-- Generated by org.testng.reporters.JUnitXMLReporter -->
<testsuite ignored="0" hostname="DAZZLER" failures="0" tests="5" name="Test1" time="344.329" errors="0" timestamp="2023-06-18T15:39:24 IST">
  <testcase classname="UI_Testing.AutomationUI1" name="test" time="76.175"/>
  <testcase classname="UI_Testing.AutomationUI2" name="test" time="65.882"/>
  <testcase classname="UI_Testing.AutomationUI3" name="test" time="75.574"/>
  <testcase classname="UI_Testing.AutomationUI4" name="test" time="77.83"/>
  <testcase classname="UI_Testing.AutomationUI5" name="test" time="48.777"/>
</testsuite> <!-- Test1 -->
