<?xml version="1.0" encoding="UTF-8"?>
<!-- Generated by org.testng.reporters.JUnitXMLReporter -->
<testsuite ignored="0" hostname="DAZZLER" failures="1" tests="5" name="Test3" time="321.454" errors="0" timestamp="2023-06-18T15:39:01 IST">
  <testcase classname="UI_Testing.AutomationUI1" name="test" time="73.612"/>
  <testcase classname="UI_Testing.AutomationUI2" name="test" time="34.602">
    <failure type="java.io.IOException" message="Failed to copy full contents from &amp;apos;C:\Users\babar\AppData\Local\Temp\screenshot11726891046367027658.png&amp;apos; to &amp;apos;.\firefox_1366X768\name_18_Jun_2023_15_35_27.png&amp;apos; Expected length: 715510 Actual: 714670">
      <![CDATA[java.io.IOException: Failed to copy full contents from 'C:\Users\babar\AppData\Local\Temp\screenshot11726891046367027658.png' to '.\firefox_1366X768\name_18_Jun_2023_15_35_27.png' Expected length: 715510 Actual: 714670
at org.apache.commons.io.FileUtils.requireEqualSizes(FileUtils.java:2684)
at org.apache.commons.io.FileUtils.copyFile(FileUtils.java:853)
at org.apache.commons.io.FileUtils.copyFile(FileUtils.java:756)
at UI_Testing.AutomationUI2.test(AutomationUI2.java:70)
at java.base/java.util.ArrayList.forEach(ArrayList.java:1511)
at java.base/java.util.concurrent.FutureTask.run(FutureTask.java:317)
at java.base/java.util.concurrent.ThreadPoolExecutor.runWorker(ThreadPoolExecutor.java:1144)
at java.base/java.util.concurrent.ThreadPoolExecutor$Worker.run(ThreadPoolExecutor.java:642)
at java.base/java.lang.Thread.run(Thread.java:1589)
... Removed 16 stack frames]]>
    </failure>
  </testcase> <!-- test -->
  <testcase classname="UI_Testing.AutomationUI3" name="test" time="84.566"/>
  <testcase classname="UI_Testing.AutomationUI4" name="test" time="77.915"/>
  <testcase classname="UI_Testing.AutomationUI5" name="test" time="50.665"/>
</testsuite> <!-- Test3 -->
