<?xml version="1.0" encoding="UTF-8"?>
<testng-results ignored="0" total="1" passed="1" failed="0" skipped="0">
  <reporter-output>
  </reporter-output>
  <suite started-at="2023-06-18T15:45:46 IST" name="Default suite" finished-at="2023-06-18T15:47:14 IST" duration-ms="87791">
    <groups>
    </groups>
    <test started-at="2023-06-18T15:45:46 IST" name="Default test" finished-at="2023-06-18T15:47:14 IST" duration-ms="87791">
      <class name="UI_Testing.AutomationUI5">
        <test-method signature="test()[pri:0, instance:UI_Testing.AutomationUI5@123ef382]" started-at="2023-06-18T15:45:46 IST" name="test" finished-at="2023-06-18T15:47:14 IST" duration-ms="87715" status="PASS">
          <reporter-output>
          </reporter-output>
        </test-method> <!-- test -->
      </class> <!-- UI_Testing.AutomationUI5 -->
    </test> <!-- Default test -->
  </suite> <!-- Default suite -->
</testng-results>
